0 info it worked if it ends with ok
1 verbose cli [ 'C:\\Program Files\\nodejs\\node.exe',
1 verbose cli   'C:\\Program Files\\nodejs\\node_modules\\npm\\bin\\npm-cli.js',
1 verbose cli   'install',
1 verbose cli   'bcrypt-as-promised',
1 verbose cli   '--save' ]
2 info using npm@3.10.10
3 info using node@v6.11.2
4 silly loadCurrentTree Starting
5 silly install loadCurrentTree
6 silly install readLocalPackageData
7 silly fetchPackageMetaData bcrypt-as-promised
8 silly fetchNamedPackageData bcrypt-as-promised
9 silly mapToRegistry name bcrypt-as-promised
10 silly mapToRegistry using default registry
11 silly mapToRegistry registry https://registry.npmjs.org/
12 silly mapToRegistry data Result {
12 silly mapToRegistry   raw: 'bcrypt-as-promised',
12 silly mapToRegistry   scope: null,
12 silly mapToRegistry   escapedName: 'bcrypt-as-promised',
12 silly mapToRegistry   name: 'bcrypt-as-promised',
12 silly mapToRegistry   rawSpec: '',
12 silly mapToRegistry   spec: 'latest',
12 silly mapToRegistry   type: 'tag' }
13 silly mapToRegistry uri https://registry.npmjs.org/bcrypt-as-promised
14 verbose request uri https://registry.npmjs.org/bcrypt-as-promised
15 verbose request no auth needed
16 info attempt registry request try #1 at 10:31:21 PM
17 verbose request id 507e0db7be55315f
18 verbose etag W/"59897a1c-14a1"
19 verbose lastModified Tue, 08 Aug 2017 08:45:16 GMT
20 http request GET https://registry.npmjs.org/bcrypt-as-promised
21 http 304 https://registry.npmjs.org/bcrypt-as-promised
22 verbose headers { date: 'Sat, 12 Aug 2017 14:25:33 GMT',
22 verbose headers   via: '1.1 varnish',
22 verbose headers   'cache-control': 'max-age=300',
22 verbose headers   etag: 'W/"59897a1c-14a1"',
22 verbose headers   age: '289',
22 verbose headers   connection: 'keep-alive',
22 verbose headers   'x-served-by': 'cache-jfk8138-JFK',
22 verbose headers   'x-cache': 'HIT',
22 verbose headers   'x-cache-hits': '1',
22 verbose headers   'x-timer': 'S1502547933.118852,VS0,VE0',
22 verbose headers   vary: 'Accept-Encoding, Accept' }
23 silly get cb [ 304,
23 silly get   { date: 'Sat, 12 Aug 2017 14:25:33 GMT',
23 silly get     via: '1.1 varnish',
23 silly get     'cache-control': 'max-age=300',
23 silly get     etag: 'W/"59897a1c-14a1"',
23 silly get     age: '289',
23 silly get     connection: 'keep-alive',
23 silly get     'x-served-by': 'cache-jfk8138-JFK',
23 silly get     'x-cache': 'HIT',
23 silly get     'x-cache-hits': '1',
23 silly get     'x-timer': 'S1502547933.118852,VS0,VE0',
23 silly get     vary: 'Accept-Encoding, Accept' } ]
24 verbose etag https://registry.npmjs.org/bcrypt-as-promised from cache
25 verbose get saving bcrypt-as-promised to C:\Users\hao\AppData\Roaming\npm-cache\registry.npmjs.org\bcrypt-as-promised\.cache.json
26 verbose correctMkdir C:\Users\hao\AppData\Roaming\npm-cache correctMkdir not in flight; initializing
27 silly install normalizeTree
28 silly loadCurrentTree Finishing
29 silly loadIdealTree Starting
30 silly install loadIdealTree
31 silly cloneCurrentTree Starting
32 silly install cloneCurrentTreeToIdealTree
33 silly cloneCurrentTree Finishing
34 silly loadShrinkwrap Starting
35 silly install loadShrinkwrap
36 silly loadShrinkwrap Finishing
37 silly loadAllDepsIntoIdealTree Starting
38 silly install loadAllDepsIntoIdealTree
39 silly resolveWithNewModule bcrypt-as-promised@1.1.0 checking installable status
40 silly cache add args [ 'bcrypt-as-promised', null ]
41 verbose cache add spec bcrypt-as-promised
42 silly cache add parsed spec Result {
42 silly cache add   raw: 'bcrypt-as-promised',
42 silly cache add   scope: null,
42 silly cache add   escapedName: 'bcrypt-as-promised',
42 silly cache add   name: 'bcrypt-as-promised',
42 silly cache add   rawSpec: '',
42 silly cache add   spec: 'latest',
42 silly cache add   type: 'tag' }
43 silly addNamed bcrypt-as-promised@latest
44 verbose addNamed "latest" is being treated as a dist-tag for bcrypt-as-promised
45 info addNameTag [ 'bcrypt-as-promised', 'latest' ]
46 silly mapToRegistry name bcrypt-as-promised
47 silly mapToRegistry using default registry
48 silly mapToRegistry registry https://registry.npmjs.org/
49 silly mapToRegistry data Result {
49 silly mapToRegistry   raw: 'bcrypt-as-promised',
49 silly mapToRegistry   scope: null,
49 silly mapToRegistry   escapedName: 'bcrypt-as-promised',
49 silly mapToRegistry   name: 'bcrypt-as-promised',
49 silly mapToRegistry   rawSpec: '',
49 silly mapToRegistry   spec: 'latest',
49 silly mapToRegistry   type: 'tag' }
50 silly mapToRegistry uri https://registry.npmjs.org/bcrypt-as-promised
51 verbose addNameTag registry:https://registry.npmjs.org/bcrypt-as-promised not in flight; fetching
52 verbose get https://registry.npmjs.org/bcrypt-as-promised not expired, no request
53 silly addNameTag next cb for bcrypt-as-promised with tag latest
54 silly addNamed bcrypt-as-promised@1.1.0
55 verbose addNamed "1.1.0" is a plain semver version for bcrypt-as-promised
56 silly cache afterAdd bcrypt-as-promised@1.1.0
57 verbose afterAdd C:\Users\hao\AppData\Roaming\npm-cache\bcrypt-as-promised\1.1.0\package\package.json not in flight; writing
58 verbose correctMkdir C:\Users\hao\AppData\Roaming\npm-cache correctMkdir not in flight; initializing
59 verbose afterAdd C:\Users\hao\AppData\Roaming\npm-cache\bcrypt-as-promised\1.1.0\package\package.json written
60 silly fetchNamedPackageData bcrypt
61 silly mapToRegistry name bcrypt
62 silly mapToRegistry using default registry
63 silly mapToRegistry registry https://registry.npmjs.org/
64 silly mapToRegistry data Result {
64 silly mapToRegistry   raw: 'bcrypt',
64 silly mapToRegistry   scope: null,
64 silly mapToRegistry   escapedName: 'bcrypt',
64 silly mapToRegistry   name: 'bcrypt',
64 silly mapToRegistry   rawSpec: '',
64 silly mapToRegistry   spec: 'latest',
64 silly mapToRegistry   type: 'tag' }
65 silly mapToRegistry uri https://registry.npmjs.org/bcrypt
66 verbose request uri https://registry.npmjs.org/bcrypt
67 verbose request no auth needed
68 info attempt registry request try #1 at 10:31:21 PM
69 verbose etag W/"598d67d3-170d5"
70 verbose lastModified Fri, 11 Aug 2017 08:16:19 GMT
71 http request GET https://registry.npmjs.org/bcrypt
72 http 304 https://registry.npmjs.org/bcrypt
73 verbose headers { date: 'Sat, 12 Aug 2017 14:25:33 GMT',
73 verbose headers   via: '1.1 varnish',
73 verbose headers   'cache-control': 'max-age=300',
73 verbose headers   etag: 'W/"598d67d3-170d5"',
73 verbose headers   age: '289',
73 verbose headers   connection: 'keep-alive',
73 verbose headers   'x-served-by': 'cache-jfk8138-JFK',
73 verbose headers   'x-cache': 'HIT',
73 verbose headers   'x-cache-hits': '1',
73 verbose headers   'x-timer': 'S1502547933.316285,VS0,VE0',
73 verbose headers   vary: 'Accept-Encoding, Accept' }
74 silly get cb [ 304,
74 silly get   { date: 'Sat, 12 Aug 2017 14:25:33 GMT',
74 silly get     via: '1.1 varnish',
74 silly get     'cache-control': 'max-age=300',
74 silly get     etag: 'W/"598d67d3-170d5"',
74 silly get     age: '289',
74 silly get     connection: 'keep-alive',
74 silly get     'x-served-by': 'cache-jfk8138-JFK',
74 silly get     'x-cache': 'HIT',
74 silly get     'x-cache-hits': '1',
74 silly get     'x-timer': 'S1502547933.316285,VS0,VE0',
74 silly get     vary: 'Accept-Encoding, Accept' } ]
75 verbose etag https://registry.npmjs.org/bcrypt from cache
76 verbose get saving bcrypt to C:\Users\hao\AppData\Roaming\npm-cache\registry.npmjs.org\bcrypt\.cache.json
77 verbose correctMkdir C:\Users\hao\AppData\Roaming\npm-cache correctMkdir not in flight; initializing
78 silly resolveWithNewModule bcrypt@0.8.7 checking installable status
79 silly cache add args [ 'bcrypt@^0.8.0', null ]
80 verbose cache add spec bcrypt@^0.8.0
81 silly cache add parsed spec Result {
81 silly cache add   raw: 'bcrypt@^0.8.0',
81 silly cache add   scope: null,
81 silly cache add   escapedName: 'bcrypt',
81 silly cache add   name: 'bcrypt',
81 silly cache add   rawSpec: '^0.8.0',
81 silly cache add   spec: '>=0.8.0 <0.9.0',
81 silly cache add   type: 'range' }
82 silly addNamed bcrypt@>=0.8.0 <0.9.0
83 verbose addNamed ">=0.8.0 <0.9.0" is a valid semver range for bcrypt
84 silly addNameRange { name: 'bcrypt', range: '>=0.8.0 <0.9.0', hasData: false }
85 silly mapToRegistry name bcrypt
86 silly mapToRegistry using default registry
87 silly mapToRegistry registry https://registry.npmjs.org/
88 silly mapToRegistry data Result {
88 silly mapToRegistry   raw: 'bcrypt',
88 silly mapToRegistry   scope: null,
88 silly mapToRegistry   escapedName: 'bcrypt',
88 silly mapToRegistry   name: 'bcrypt',
88 silly mapToRegistry   rawSpec: '',
88 silly mapToRegistry   spec: 'latest',
88 silly mapToRegistry   type: 'tag' }
89 silly mapToRegistry uri https://registry.npmjs.org/bcrypt
90 verbose addNameRange registry:https://registry.npmjs.org/bcrypt not in flight; fetching
91 verbose get https://registry.npmjs.org/bcrypt not expired, no request
92 silly addNameRange number 2 { name: 'bcrypt', range: '>=0.8.0 <0.9.0', hasData: true }
93 silly addNameRange versions [ 'bcrypt',
93 silly addNameRange   [ '0.1.2',
93 silly addNameRange     '0.2.0',
93 silly addNameRange     '0.2.1',
93 silly addNameRange     '0.1.3',
93 silly addNameRange     '0.2.2',
93 silly addNameRange     '0.2.3',
93 silly addNameRange     '0.2.4',
93 silly addNameRange     '0.3.0',
93 silly addNameRange     '0.3.1',
93 silly addNameRange     '0.3.2',
93 silly addNameRange     '0.4.0',
93 silly addNameRange     '0.4.1',
93 silly addNameRange     '0.5.0',
93 silly addNameRange     '0.6.0',
93 silly addNameRange     '0.7.0',
93 silly addNameRange     '0.7.1',
93 silly addNameRange     '0.7.2',
93 silly addNameRange     '0.7.3',
93 silly addNameRange     '0.7.4',
93 silly addNameRange     '0.7.5',
93 silly addNameRange     '0.7.6',
93 silly addNameRange     '0.7.7',
93 silly addNameRange     '0.7.8',
93 silly addNameRange     '0.8.0',
93 silly addNameRange     '0.8.1',
93 silly addNameRange     '0.8.2',
93 silly addNameRange     '0.8.3',
93 silly addNameRange     '0.8.4',
93 silly addNameRange     '0.8.5',
93 silly addNameRange     '0.8.6',
93 silly addNameRange     '0.8.7',
93 silly addNameRange     '1.0.0',
93 silly addNameRange     '1.0.1',
93 silly addNameRange     '1.0.2' ] ]
94 silly addNamed bcrypt@0.8.7
95 verbose addNamed "0.8.7" is a plain semver version for bcrypt
96 silly cache afterAdd bcrypt@0.8.7
97 verbose afterAdd C:\Users\hao\AppData\Roaming\npm-cache\bcrypt\0.8.7\package\package.json not in flight; writing
98 verbose correctMkdir C:\Users\hao\AppData\Roaming\npm-cache correctMkdir not in flight; initializing
99 verbose afterAdd C:\Users\hao\AppData\Roaming\npm-cache\bcrypt\0.8.7\package\package.json written
100 silly fetchNamedPackageData nan
101 silly mapToRegistry name nan
102 silly mapToRegistry using default registry
103 silly mapToRegistry registry https://registry.npmjs.org/
104 silly mapToRegistry data Result {
104 silly mapToRegistry   raw: 'nan',
104 silly mapToRegistry   scope: null,
104 silly mapToRegistry   escapedName: 'nan',
104 silly mapToRegistry   name: 'nan',
104 silly mapToRegistry   rawSpec: '',
104 silly mapToRegistry   spec: 'latest',
104 silly mapToRegistry   type: 'tag' }
105 silly mapToRegistry uri https://registry.npmjs.org/nan
106 verbose request uri https://registry.npmjs.org/nan
107 verbose request no auth needed
108 info attempt registry request try #1 at 10:31:21 PM
109 verbose etag W/"597a1ce5-1fa1a"
110 verbose lastModified Thu, 27 Jul 2017 17:03:33 GMT
111 http request GET https://registry.npmjs.org/nan
112 http 304 https://registry.npmjs.org/nan
113 verbose headers { date: 'Sat, 12 Aug 2017 14:25:33 GMT',
113 verbose headers   via: '1.1 varnish',
113 verbose headers   'cache-control': 'max-age=300',
113 verbose headers   etag: 'W/"597a1ce5-1fa1a"',
113 verbose headers   age: '152',
113 verbose headers   connection: 'keep-alive',
113 verbose headers   'x-served-by': 'cache-jfk8138-JFK',
113 verbose headers   'x-cache': 'HIT',
113 verbose headers   'x-cache-hits': '1',
113 verbose headers   'x-timer': 'S1502547933.364333,VS0,VE1',
113 verbose headers   vary: 'Accept-Encoding, Accept' }
114 silly get cb [ 304,
114 silly get   { date: 'Sat, 12 Aug 2017 14:25:33 GMT',
114 silly get     via: '1.1 varnish',
114 silly get     'cache-control': 'max-age=300',
114 silly get     etag: 'W/"597a1ce5-1fa1a"',
114 silly get     age: '152',
114 silly get     connection: 'keep-alive',
114 silly get     'x-served-by': 'cache-jfk8138-JFK',
114 silly get     'x-cache': 'HIT',
114 silly get     'x-cache-hits': '1',
114 silly get     'x-timer': 'S1502547933.364333,VS0,VE1',
114 silly get     vary: 'Accept-Encoding, Accept' } ]
115 verbose etag https://registry.npmjs.org/nan from cache
116 verbose get saving nan to C:\Users\hao\AppData\Roaming\npm-cache\registry.npmjs.org\nan\.cache.json
117 verbose correctMkdir C:\Users\hao\AppData\Roaming\npm-cache correctMkdir not in flight; initializing
118 silly resolveWithNewModule nan@2.3.5 checking installable status
119 silly cache add args [ 'nan@2.3.5', null ]
120 verbose cache add spec nan@2.3.5
121 silly cache add parsed spec Result {
121 silly cache add   raw: 'nan@2.3.5',
121 silly cache add   scope: null,
121 silly cache add   escapedName: 'nan',
121 silly cache add   name: 'nan',
121 silly cache add   rawSpec: '2.3.5',
121 silly cache add   spec: '2.3.5',
121 silly cache add   type: 'version' }
122 silly addNamed nan@2.3.5
123 verbose addNamed "2.3.5" is a plain semver version for nan
124 silly mapToRegistry name nan
125 silly mapToRegistry using default registry
126 silly mapToRegistry registry https://registry.npmjs.org/
127 silly mapToRegistry data Result {
127 silly mapToRegistry   raw: 'nan',
127 silly mapToRegistry   scope: null,
127 silly mapToRegistry   escapedName: 'nan',
127 silly mapToRegistry   name: 'nan',
127 silly mapToRegistry   rawSpec: '',
127 silly mapToRegistry   spec: 'latest',
127 silly mapToRegistry   type: 'tag' }
128 silly mapToRegistry uri https://registry.npmjs.org/nan
129 verbose addNameVersion registry:https://registry.npmjs.org/nan not in flight; fetching
130 verbose get https://registry.npmjs.org/nan not expired, no request
131 silly cache afterAdd nan@2.3.5
132 verbose afterAdd C:\Users\hao\AppData\Roaming\npm-cache\nan\2.3.5\package\package.json not in flight; writing
133 verbose correctMkdir C:\Users\hao\AppData\Roaming\npm-cache correctMkdir not in flight; initializing
134 verbose afterAdd C:\Users\hao\AppData\Roaming\npm-cache\nan\2.3.5\package\package.json written
135 silly fetchNamedPackageData fsevents
136 silly mapToRegistry name fsevents
137 silly mapToRegistry using default registry
138 silly mapToRegistry registry https://registry.npmjs.org/
139 silly mapToRegistry data Result {
139 silly mapToRegistry   raw: 'fsevents',
139 silly mapToRegistry   scope: null,
139 silly mapToRegistry   escapedName: 'fsevents',
139 silly mapToRegistry   name: 'fsevents',
139 silly mapToRegistry   rawSpec: '',
139 silly mapToRegistry   spec: 'latest',
139 silly mapToRegistry   type: 'tag' }
140 silly mapToRegistry uri https://registry.npmjs.org/fsevents
141 verbose request uri https://registry.npmjs.org/fsevents
142 verbose request no auth needed
143 info attempt registry request try #1 at 10:31:21 PM
144 verbose etag W/"597215e7-dd9a"
145 verbose lastModified Fri, 21 Jul 2017 14:55:35 GMT
146 http request GET https://registry.npmjs.org/fsevents
147 http 304 https://registry.npmjs.org/fsevents
148 verbose headers { date: 'Sat, 12 Aug 2017 14:25:33 GMT',
148 verbose headers   via: '1.1 varnish',
148 verbose headers   'cache-control': 'max-age=300',
148 verbose headers   etag: 'W/"597215e7-dd9a"',
148 verbose headers   age: '61',
148 verbose headers   connection: 'keep-alive',
148 verbose headers   'x-served-by': 'cache-jfk8138-JFK',
148 verbose headers   'x-cache': 'HIT',
148 verbose headers   'x-cache-hits': '1',
148 verbose headers   'x-timer': 'S1502547934.528294,VS0,VE1',
148 verbose headers   vary: 'Accept-Encoding, Accept' }
149 silly get cb [ 304,
149 silly get   { date: 'Sat, 12 Aug 2017 14:25:33 GMT',
149 silly get     via: '1.1 varnish',
149 silly get     'cache-control': 'max-age=300',
149 silly get     etag: 'W/"597215e7-dd9a"',
149 silly get     age: '61',
149 silly get     connection: 'keep-alive',
149 silly get     'x-served-by': 'cache-jfk8138-JFK',
149 silly get     'x-cache': 'HIT',
149 silly get     'x-cache-hits': '1',
149 silly get     'x-timer': 'S1502547934.528294,VS0,VE1',
149 silly get     vary: 'Accept-Encoding, Accept' } ]
150 verbose etag https://registry.npmjs.org/fsevents from cache
151 verbose get saving fsevents to C:\Users\hao\AppData\Roaming\npm-cache\registry.npmjs.org\fsevents\.cache.json
152 verbose correctMkdir C:\Users\hao\AppData\Roaming\npm-cache correctMkdir not in flight; initializing
153 silly resolveWithNewModule fsevents@1.1.2 checking installable status
154 silly loadAllDepsIntoIdealTree Finishing
155 silly loadIdealTree Finishing
156 silly currentTree hao-login-backend@1.0.0
156 silly currentTree +-- abbrev@1.1.0
156 silly currentTree +-- accepts@1.3.3
156 silly currentTree +-- ajv@4.11.8
156 silly currentTree +-- ansi-regex@2.1.1
156 silly currentTree +-- ansi-styles@2.2.1
156 silly currentTree +-- anymatch@1.3.2
156 silly currentTree +-- aproba@1.1.2
156 silly currentTree +-- are-we-there-yet@1.1.4
156 silly currentTree +-- arr-diff@2.0.0
156 silly currentTree +-- arr-flatten@1.1.0
156 silly currentTree +-- array-flatten@1.1.1
156 silly currentTree +-- array-unique@0.2.1
156 silly currentTree +-- asn1@0.2.3
156 silly currentTree +-- assert-plus@0.2.0
156 silly currentTree +-- async-each@1.0.1
156 silly currentTree +-- asynckit@0.4.0
156 silly currentTree +-- aws-sign2@0.6.0
156 silly currentTree +-- aws4@1.6.0
156 silly currentTree +-- balanced-match@1.0.0
156 silly currentTree +-- basic-auth@1.1.0
156 silly currentTree +-- bcrypt-pbkdf@1.0.1
156 silly currentTree +-- bcrypt@1.0.2
156 silly currentTree +-- bignumber.js@4.0.2
156 silly currentTree +-- binary-extensions@1.9.0
156 silly currentTree +-- bindings@1.2.1
156 silly currentTree +-- block-stream@0.0.9
156 silly currentTree +-- bluebird@3.5.0
156 silly currentTree +-- body-parser@1.17.2
156 silly currentTree | +-- debug@2.6.7
156 silly currentTree | `-- ms@2.0.0
156 silly currentTree +-- boom@2.10.1
156 silly currentTree +-- brace-expansion@1.1.8
156 silly currentTree +-- braces@1.8.5
156 silly currentTree +-- buffer-shims@1.0.0
156 silly currentTree +-- bytes@2.4.0
156 silly currentTree +-- caseless@0.12.0
156 silly currentTree +-- chalk@1.1.3
156 silly currentTree +-- chokidar@1.7.0
156 silly currentTree +-- co@4.6.0
156 silly currentTree +-- code-point-at@1.1.0
156 silly currentTree +-- combined-stream@1.0.5
156 silly currentTree +-- concat-map@0.0.1
156 silly currentTree +-- configstore@1.4.0
156 silly currentTree | `-- uuid@2.0.3
156 silly currentTree +-- console-control-strings@1.1.0
156 silly currentTree +-- content-disposition@0.5.2
156 silly currentTree +-- content-type@1.0.2
156 silly currentTree +-- cookie-signature@1.0.6
156 silly currentTree +-- cookie@0.3.1
156 silly currentTree +-- core-util-is@1.0.2
156 silly currentTree +-- crc@3.4.4
156 silly currentTree +-- cryptiles@2.0.5
156 silly currentTree +-- dashdash@1.14.1
156 silly currentTree | `-- assert-plus@1.0.0
156 silly currentTree +-- debug@2.2.0
156 silly currentTree +-- deep-extend@0.4.2
156 silly currentTree +-- delayed-stream@1.0.0
156 silly currentTree +-- delegates@1.0.0
156 silly currentTree +-- depd@1.1.1
156 silly currentTree +-- destroy@1.0.4
156 silly currentTree +-- duplexer@0.1.1
156 silly currentTree +-- duplexify@3.5.1
156 silly currentTree +-- ecc-jsbn@0.1.1
156 silly currentTree +-- ee-first@1.1.1
156 silly currentTree +-- encodeurl@1.0.1
156 silly currentTree +-- end-of-stream@1.4.0
156 silly currentTree +-- es6-promise@3.3.1
156 silly currentTree +-- escape-html@1.0.3
156 silly currentTree +-- escape-string-regexp@1.0.5
156 silly currentTree +-- etag@1.8.0
156 silly currentTree +-- event-stream@3.3.4
156 silly currentTree +-- expand-brackets@0.1.5
156 silly currentTree +-- expand-range@1.8.2
156 silly currentTree +-- express-session@1.15.5
156 silly currentTree | +-- debug@2.6.8
156 silly currentTree | `-- ms@2.0.0
156 silly currentTree +-- express@4.15.4
156 silly currentTree | +-- debug@2.6.8
156 silly currentTree | +-- ms@2.0.0
156 silly currentTree | `-- qs@6.5.0
156 silly currentTree +-- extend@3.0.1
156 silly currentTree +-- extglob@0.3.2
156 silly currentTree +-- extsprintf@1.3.0
156 silly currentTree +-- filename-regex@2.0.1
156 silly currentTree +-- fill-range@2.2.3
156 silly currentTree +-- finalhandler@1.0.4
156 silly currentTree | +-- debug@2.6.8
156 silly currentTree | `-- ms@2.0.0
156 silly currentTree +-- for-in@1.0.2
156 silly currentTree +-- for-own@0.1.5
156 silly currentTree +-- forever-agent@0.6.1
156 silly currentTree +-- form-data@2.1.4
156 silly currentTree +-- forwarded@0.1.0
156 silly currentTree +-- fresh@0.5.0
156 silly currentTree +-- from@0.1.7
156 silly currentTree +-- fs.realpath@1.0.0
156 silly currentTree +-- fstream-ignore@1.0.5
156 silly currentTree +-- fstream@1.0.11
156 silly currentTree +-- gauge@2.7.4
156 silly currentTree +-- getpass@0.1.7
156 silly currentTree | `-- assert-plus@1.0.0
156 silly currentTree +-- glob-base@0.3.0
156 silly currentTree +-- glob-parent@2.0.0
156 silly currentTree +-- glob@7.1.2
156 silly currentTree +-- got@3.3.1
156 silly currentTree | `-- object-assign@3.0.0
156 silly currentTree +-- graceful-fs@4.1.11
156 silly currentTree +-- har-schema@1.0.5
156 silly currentTree +-- har-validator@4.2.1
156 silly currentTree +-- has-ansi@2.0.0
156 silly currentTree +-- has-unicode@2.0.1
156 silly currentTree +-- hawk@3.1.3
156 silly currentTree +-- hoek@2.16.3
156 silly currentTree +-- http-errors@1.6.2
156 silly currentTree +-- http-signature@1.1.1
156 silly currentTree +-- iconv-lite@0.4.15
156 silly currentTree +-- ignore-by-default@1.0.1
156 silly currentTree +-- imurmurhash@0.1.4
156 silly currentTree +-- infinity-agent@2.0.3
156 silly currentTree +-- inflight@1.0.6
156 silly currentTree +-- inherits@2.0.3
156 silly currentTree +-- ini@1.3.4
156 silly currentTree +-- ipaddr.js@1.4.0
156 silly currentTree +-- is-binary-path@1.0.1
156 silly currentTree +-- is-buffer@1.1.5
156 silly currentTree +-- is-dotfile@1.0.3
156 silly currentTree +-- is-equal-shallow@0.1.3
156 silly currentTree +-- is-extendable@0.1.1
156 silly currentTree +-- is-extglob@1.0.0
156 silly currentTree +-- is-finite@1.0.2
156 silly currentTree +-- is-fullwidth-code-point@1.0.0
156 silly currentTree +-- is-glob@2.0.1
156 silly currentTree +-- is-npm@1.0.0
156 silly currentTree +-- is-number@2.1.0
156 silly currentTree +-- is-posix-bracket@0.1.1
156 silly currentTree +-- is-primitive@2.0.0
156 silly currentTree +-- is-redirect@1.0.0
156 silly currentTree +-- is-stream@1.1.0
156 silly currentTree +-- is-typedarray@1.0.0
156 silly currentTree +-- isarray@1.0.0
156 silly currentTree +-- isobject@2.1.0
156 silly currentTree +-- isstream@0.1.2
156 silly currentTree +-- jsbn@0.1.1
156 silly currentTree +-- json-schema@0.2.3
156 silly currentTree +-- json-stable-stringify@1.0.1
156 silly currentTree +-- json-stringify-safe@5.0.1
156 silly currentTree +-- jsonify@0.0.0
156 silly currentTree +-- jsprim@1.4.1
156 silly currentTree | `-- assert-plus@1.0.0
156 silly currentTree +-- kind-of@3.2.2
156 silly currentTree +-- latest-version@1.0.1
156 silly currentTree +-- lodash._baseassign@3.2.0
156 silly currentTree +-- lodash._basecopy@3.0.1
156 silly currentTree +-- lodash._bindcallback@3.0.1
156 silly currentTree +-- lodash._createassigner@3.1.1
156 silly currentTree +-- lodash._getnative@3.9.1
156 silly currentTree +-- lodash._isiterateecall@3.0.9
156 silly currentTree +-- lodash.assign@3.2.0
156 silly currentTree +-- lodash.defaults@3.1.2
156 silly currentTree +-- lodash.isarguments@3.1.0
156 silly currentTree +-- lodash.isarray@3.0.4
156 silly currentTree +-- lodash.keys@3.1.2
156 silly currentTree +-- lodash.restparam@3.6.1
156 silly currentTree +-- lowercase-keys@1.0.0
156 silly currentTree +-- map-stream@0.1.0
156 silly currentTree +-- media-typer@0.3.0
156 silly currentTree +-- merge-descriptors@1.0.1
156 silly currentTree +-- methods@1.1.2
156 silly currentTree +-- micromatch@2.3.11
156 silly currentTree +-- mime-db@1.29.0
156 silly currentTree +-- mime-types@2.1.16
156 silly currentTree +-- mime@1.3.4
156 silly currentTree +-- minimatch@3.0.4
156 silly currentTree +-- minimist@0.0.8
156 silly currentTree +-- mkdirp@0.5.1
156 silly currentTree +-- morgan@1.8.2
156 silly currentTree | +-- debug@2.6.8
156 silly currentTree | `-- ms@2.0.0
156 silly currentTree +-- ms@0.7.1
156 silly currentTree +-- mysql@2.14.1
156 silly currentTree +-- nan@2.5.0
156 silly currentTree +-- negotiator@0.6.1
156 silly currentTree +-- nested-error-stacks@1.0.2
156 silly currentTree +-- node-pre-gyp@0.6.32
156 silly currentTree +-- nodemon@1.11.0
156 silly currentTree +-- nopt@3.0.6
156 silly currentTree +-- normalize-path@2.1.1
156 silly currentTree +-- npmlog@4.1.2
156 silly currentTree +-- number-is-nan@1.0.1
156 silly currentTree +-- oauth-sign@0.8.2
156 silly currentTree +-- object-assign@4.1.1
156 silly currentTree +-- object.omit@2.0.1
156 silly currentTree +-- on-finished@2.3.0
156 silly currentTree +-- on-headers@1.0.1
156 silly currentTree +-- once@1.4.0
156 silly currentTree +-- os-homedir@1.0.2
156 silly currentTree +-- os-tmpdir@1.0.2
156 silly currentTree +-- osenv@0.1.4
156 silly currentTree +-- package-json@1.2.0
156 silly currentTree +-- parse-glob@3.0.4
156 silly currentTree +-- parseurl@1.3.1
156 silly currentTree +-- path-is-absolute@1.0.1
156 silly currentTree +-- path-to-regexp@0.1.7
156 silly currentTree +-- pause-stream@0.0.11
156 silly currentTree +-- performance-now@0.2.0
156 silly currentTree +-- pinkie-promise@2.0.1
156 silly currentTree +-- pinkie@2.0.4
156 silly currentTree +-- prepend-http@1.0.4
156 silly currentTree +-- preserve@0.2.0
156 silly currentTree +-- process-nextick-args@1.0.7
156 silly currentTree +-- promise-mysql@3.0.2
156 silly currentTree +-- proxy-addr@1.1.5
156 silly currentTree +-- ps-tree@1.1.0
156 silly currentTree +-- punycode@1.4.1
156 silly currentTree +-- qs@6.4.0
156 silly currentTree +-- random-bytes@1.0.0
156 silly currentTree +-- randomatic@1.1.7
156 silly currentTree | +-- is-number@3.0.0
156 silly currentTree | | `-- kind-of@3.2.2
156 silly currentTree | `-- kind-of@4.0.0
156 silly currentTree +-- range-parser@1.2.0
156 silly currentTree +-- raw-body@2.2.0
156 silly currentTree +-- rc@1.1.7
156 silly currentTree | `-- minimist@1.2.0
156 silly currentTree +-- read-all-stream@3.1.0
156 silly currentTree +-- readable-stream@2.3.3
156 silly currentTree +-- readdirp@2.1.0
156 silly currentTree +-- regex-cache@0.4.3
156 silly currentTree +-- registry-url@3.1.0
156 silly currentTree +-- remove-trailing-separator@1.0.2
156 silly currentTree +-- repeat-element@1.1.2
156 silly currentTree +-- repeat-string@1.6.1
156 silly currentTree +-- repeating@1.1.3
156 silly currentTree +-- request@2.81.0
156 silly currentTree +-- rimraf@2.5.4
156 silly currentTree +-- safe-buffer@5.1.1
156 silly currentTree +-- semver-diff@2.1.0
156 silly currentTree +-- semver@5.3.0
156 silly currentTree +-- send@0.15.4
156 silly currentTree | +-- debug@2.6.8
156 silly currentTree | `-- ms@2.0.0
156 silly currentTree +-- serve-static@1.12.4
156 silly currentTree +-- set-blocking@2.0.0
156 silly currentTree +-- set-immediate-shim@1.0.1
156 silly currentTree +-- setprototypeof@1.0.3
156 silly currentTree +-- signal-exit@3.0.2
156 silly currentTree +-- slide@1.1.6
156 silly currentTree +-- sntp@1.0.9
156 silly currentTree +-- split@0.3.3
156 silly currentTree +-- sqlstring@2.2.0
156 silly currentTree +-- sshpk@1.13.1
156 silly currentTree | `-- assert-plus@1.0.0
156 silly currentTree +-- statuses@1.3.1
156 silly currentTree +-- stream-combiner@0.0.4
156 silly currentTree +-- stream-shift@1.0.0
156 silly currentTree +-- string_decoder@1.0.3
156 silly currentTree +-- string-length@1.0.1
156 silly currentTree +-- string-width@1.0.2
156 silly currentTree +-- stringstream@0.0.5
156 silly currentTree +-- strip-ansi@3.0.1
156 silly currentTree +-- strip-json-comments@2.0.1
156 silly currentTree +-- supports-color@2.0.0
156 silly currentTree +-- tar-pack@3.3.0
156 silly currentTree | +-- once@1.3.3
156 silly currentTree | +-- readable-stream@2.1.5
156 silly currentTree | `-- string_decoder@0.10.31
156 silly currentTree +-- tar@2.2.1
156 silly currentTree +-- through@2.3.8
156 silly currentTree +-- timed-out@2.0.0
156 silly currentTree +-- touch@1.0.0
156 silly currentTree | `-- nopt@1.0.10
156 silly currentTree +-- tough-cookie@2.3.2
156 silly currentTree +-- tunnel-agent@0.6.0
156 silly currentTree +-- tweetnacl@0.14.5
156 silly currentTree +-- type-is@1.6.15
156 silly currentTree +-- uid-number@0.0.6
156 silly currentTree +-- uid-safe@2.1.5
156 silly currentTree +-- undefsafe@0.0.3
156 silly currentTree +-- unpipe@1.0.0
156 silly currentTree +-- update-notifier@0.5.0
156 silly currentTree +-- util-deprecate@1.0.2
156 silly currentTree +-- utils-merge@1.0.0
156 silly currentTree +-- uuid@3.1.0
156 silly currentTree +-- vary@1.1.1
156 silly currentTree +-- verror@1.10.0
156 silly currentTree | `-- assert-plus@1.0.0
156 silly currentTree +-- when@3.7.8
156 silly currentTree +-- wide-align@1.1.2
156 silly currentTree +-- wrappy@1.0.2
156 silly currentTree +-- write-file-atomic@1.3.4
156 silly currentTree `-- xdg-basedir@2.0.0
157 silly idealTree hao-login-backend@1.0.0
157 silly idealTree +-- abbrev@1.1.0
157 silly idealTree +-- accepts@1.3.3
157 silly idealTree +-- ajv@4.11.8
157 silly idealTree +-- ansi-regex@2.1.1
157 silly idealTree +-- ansi-styles@2.2.1
157 silly idealTree +-- anymatch@1.3.2
157 silly idealTree +-- aproba@1.1.2
157 silly idealTree +-- are-we-there-yet@1.1.4
157 silly idealTree +-- arr-diff@2.0.0
157 silly idealTree +-- arr-flatten@1.1.0
157 silly idealTree +-- array-flatten@1.1.1
157 silly idealTree +-- array-unique@0.2.1
157 silly idealTree +-- asn1@0.2.3
157 silly idealTree +-- assert-plus@0.2.0
157 silly idealTree +-- async-each@1.0.1
157 silly idealTree +-- asynckit@0.4.0
157 silly idealTree +-- aws-sign2@0.6.0
157 silly idealTree +-- aws4@1.6.0
157 silly idealTree +-- balanced-match@1.0.0
157 silly idealTree +-- basic-auth@1.1.0
157 silly idealTree +-- bcrypt-as-promised@1.1.0
157 silly idealTree | +-- bcrypt@0.8.7
157 silly idealTree | `-- nan@2.3.5
157 silly idealTree +-- bcrypt-pbkdf@1.0.1
157 silly idealTree +-- bcrypt@1.0.2
157 silly idealTree +-- bignumber.js@4.0.2
157 silly idealTree +-- binary-extensions@1.9.0
157 silly idealTree +-- bindings@1.2.1
157 silly idealTree +-- block-stream@0.0.9
157 silly idealTree +-- bluebird@3.5.0
157 silly idealTree +-- body-parser@1.17.2
157 silly idealTree | +-- debug@2.6.7
157 silly idealTree | `-- ms@2.0.0
157 silly idealTree +-- boom@2.10.1
157 silly idealTree +-- brace-expansion@1.1.8
157 silly idealTree +-- braces@1.8.5
157 silly idealTree +-- buffer-shims@1.0.0
157 silly idealTree +-- bytes@2.4.0
157 silly idealTree +-- caseless@0.12.0
157 silly idealTree +-- chalk@1.1.3
157 silly idealTree +-- chokidar@1.7.0
157 silly idealTree +-- co@4.6.0
157 silly idealTree +-- code-point-at@1.1.0
157 silly idealTree +-- combined-stream@1.0.5
157 silly idealTree +-- concat-map@0.0.1
157 silly idealTree +-- configstore@1.4.0
157 silly idealTree | `-- uuid@2.0.3
157 silly idealTree +-- console-control-strings@1.1.0
157 silly idealTree +-- content-disposition@0.5.2
157 silly idealTree +-- content-type@1.0.2
157 silly idealTree +-- cookie-signature@1.0.6
157 silly idealTree +-- cookie@0.3.1
157 silly idealTree +-- core-util-is@1.0.2
157 silly idealTree +-- crc@3.4.4
157 silly idealTree +-- cryptiles@2.0.5
157 silly idealTree +-- dashdash@1.14.1
157 silly idealTree | `-- assert-plus@1.0.0
157 silly idealTree +-- debug@2.2.0
157 silly idealTree +-- deep-extend@0.4.2
157 silly idealTree +-- delayed-stream@1.0.0
157 silly idealTree +-- delegates@1.0.0
157 silly idealTree +-- depd@1.1.1
157 silly idealTree +-- destroy@1.0.4
157 silly idealTree +-- duplexer@0.1.1
157 silly idealTree +-- duplexify@3.5.1
157 silly idealTree +-- ecc-jsbn@0.1.1
157 silly idealTree +-- ee-first@1.1.1
157 silly idealTree +-- encodeurl@1.0.1
157 silly idealTree +-- end-of-stream@1.4.0
157 silly idealTree +-- es6-promise@3.3.1
157 silly idealTree +-- escape-html@1.0.3
157 silly idealTree +-- escape-string-regexp@1.0.5
157 silly idealTree +-- etag@1.8.0
157 silly idealTree +-- event-stream@3.3.4
157 silly idealTree +-- expand-brackets@0.1.5
157 silly idealTree +-- expand-range@1.8.2
157 silly idealTree +-- express-session@1.15.5
157 silly idealTree | +-- debug@2.6.8
157 silly idealTree | `-- ms@2.0.0
157 silly idealTree +-- express@4.15.4
157 silly idealTree | +-- debug@2.6.8
157 silly idealTree | +-- ms@2.0.0
157 silly idealTree | `-- qs@6.5.0
157 silly idealTree +-- extend@3.0.1
157 silly idealTree +-- extglob@0.3.2
157 silly idealTree +-- extsprintf@1.3.0
157 silly idealTree +-- filename-regex@2.0.1
157 silly idealTree +-- fill-range@2.2.3
157 silly idealTree +-- finalhandler@1.0.4
157 silly idealTree | +-- debug@2.6.8
157 silly idealTree | `-- ms@2.0.0
157 silly idealTree +-- for-in@1.0.2
157 silly idealTree +-- for-own@0.1.5
157 silly idealTree +-- forever-agent@0.6.1
157 silly idealTree +-- form-data@2.1.4
157 silly idealTree +-- forwarded@0.1.0
157 silly idealTree +-- fresh@0.5.0
157 silly idealTree +-- from@0.1.7
157 silly idealTree +-- fs.realpath@1.0.0
157 silly idealTree +-- fstream-ignore@1.0.5
157 silly idealTree +-- fstream@1.0.11
157 silly idealTree +-- gauge@2.7.4
157 silly idealTree +-- getpass@0.1.7
157 silly idealTree | `-- assert-plus@1.0.0
157 silly idealTree +-- glob-base@0.3.0
157 silly idealTree +-- glob-parent@2.0.0
157 silly idealTree +-- glob@7.1.2
157 silly idealTree +-- got@3.3.1
157 silly idealTree | `-- object-assign@3.0.0
157 silly idealTree +-- graceful-fs@4.1.11
157 silly idealTree +-- har-schema@1.0.5
157 silly idealTree +-- har-validator@4.2.1
157 silly idealTree +-- has-ansi@2.0.0
157 silly idealTree +-- has-unicode@2.0.1
157 silly idealTree +-- hawk@3.1.3
157 silly idealTree +-- hoek@2.16.3
157 silly idealTree +-- http-errors@1.6.2
157 silly idealTree +-- http-signature@1.1.1
157 silly idealTree +-- iconv-lite@0.4.15
157 silly idealTree +-- ignore-by-default@1.0.1
157 silly idealTree +-- imurmurhash@0.1.4
157 silly idealTree +-- infinity-agent@2.0.3
157 silly idealTree +-- inflight@1.0.6
157 silly idealTree +-- inherits@2.0.3
157 silly idealTree +-- ini@1.3.4
157 silly idealTree +-- ipaddr.js@1.4.0
157 silly idealTree +-- is-binary-path@1.0.1
157 silly idealTree +-- is-buffer@1.1.5
157 silly idealTree +-- is-dotfile@1.0.3
157 silly idealTree +-- is-equal-shallow@0.1.3
157 silly idealTree +-- is-extendable@0.1.1
157 silly idealTree +-- is-extglob@1.0.0
157 silly idealTree +-- is-finite@1.0.2
157 silly idealTree +-- is-fullwidth-code-point@1.0.0
157 silly idealTree +-- is-glob@2.0.1
157 silly idealTree +-- is-npm@1.0.0
157 silly idealTree +-- is-number@2.1.0
157 silly idealTree +-- is-posix-bracket@0.1.1
157 silly idealTree +-- is-primitive@2.0.0
157 silly idealTree +-- is-redirect@1.0.0
157 silly idealTree +-- is-stream@1.1.0
157 silly idealTree +-- is-typedarray@1.0.0
157 silly idealTree +-- isarray@1.0.0
157 silly idealTree +-- isobject@2.1.0
157 silly idealTree +-- isstream@0.1.2
157 silly idealTree +-- jsbn@0.1.1
157 silly idealTree +-- json-schema@0.2.3
157 silly idealTree +-- json-stable-stringify@1.0.1
157 silly idealTree +-- json-stringify-safe@5.0.1
157 silly idealTree +-- jsonify@0.0.0
157 silly idealTree +-- jsprim@1.4.1
157 silly idealTree | `-- assert-plus@1.0.0
157 silly idealTree +-- kind-of@3.2.2
157 silly idealTree +-- latest-version@1.0.1
157 silly idealTree +-- lodash._baseassign@3.2.0
157 silly idealTree +-- lodash._basecopy@3.0.1
157 silly idealTree +-- lodash._bindcallback@3.0.1
157 silly idealTree +-- lodash._createassigner@3.1.1
157 silly idealTree +-- lodash._getnative@3.9.1
157 silly idealTree +-- lodash._isiterateecall@3.0.9
157 silly idealTree +-- lodash.assign@3.2.0
157 silly idealTree +-- lodash.defaults@3.1.2
157 silly idealTree +-- lodash.isarguments@3.1.0
157 silly idealTree +-- lodash.isarray@3.0.4
157 silly idealTree +-- lodash.keys@3.1.2
157 silly idealTree +-- lodash.restparam@3.6.1
157 silly idealTree +-- lowercase-keys@1.0.0
157 silly idealTree +-- map-stream@0.1.0
157 silly idealTree +-- media-typer@0.3.0
157 silly idealTree +-- merge-descriptors@1.0.1
157 silly idealTree +-- methods@1.1.2
157 silly idealTree +-- micromatch@2.3.11
157 silly idealTree +-- mime-db@1.29.0
157 silly idealTree +-- mime-types@2.1.16
157 silly idealTree +-- mime@1.3.4
157 silly idealTree +-- minimatch@3.0.4
157 silly idealTree +-- minimist@0.0.8
157 silly idealTree +-- mkdirp@0.5.1
157 silly idealTree +-- morgan@1.8.2
157 silly idealTree | +-- debug@2.6.8
157 silly idealTree | `-- ms@2.0.0
157 silly idealTree +-- ms@0.7.1
157 silly idealTree +-- mysql@2.14.1
157 silly idealTree +-- nan@2.5.0
157 silly idealTree +-- negotiator@0.6.1
157 silly idealTree +-- nested-error-stacks@1.0.2
157 silly idealTree +-- node-pre-gyp@0.6.32
157 silly idealTree +-- nodemon@1.11.0
157 silly idealTree +-- nopt@3.0.6
157 silly idealTree +-- normalize-path@2.1.1
157 silly idealTree +-- npmlog@4.1.2
157 silly idealTree +-- number-is-nan@1.0.1
157 silly idealTree +-- oauth-sign@0.8.2
157 silly idealTree +-- object-assign@4.1.1
157 silly idealTree +-- object.omit@2.0.1
157 silly idealTree +-- on-finished@2.3.0
157 silly idealTree +-- on-headers@1.0.1
157 silly idealTree +-- once@1.4.0
157 silly idealTree +-- os-homedir@1.0.2
157 silly idealTree +-- os-tmpdir@1.0.2
157 silly idealTree +-- osenv@0.1.4
157 silly idealTree +-- package-json@1.2.0
157 silly idealTree +-- parse-glob@3.0.4
157 silly idealTree +-- parseurl@1.3.1
157 silly idealTree +-- path-is-absolute@1.0.1
157 silly idealTree +-- path-to-regexp@0.1.7
157 silly idealTree +-- pause-stream@0.0.11
157 silly idealTree +-- performance-now@0.2.0
157 silly idealTree +-- pinkie-promise@2.0.1
157 silly idealTree +-- pinkie@2.0.4
157 silly idealTree +-- prepend-http@1.0.4
157 silly idealTree +-- preserve@0.2.0
157 silly idealTree +-- process-nextick-args@1.0.7
157 silly idealTree +-- promise-mysql@3.0.2
157 silly idealTree +-- proxy-addr@1.1.5
157 silly idealTree +-- ps-tree@1.1.0
157 silly idealTree +-- punycode@1.4.1
157 silly idealTree +-- qs@6.4.0
157 silly idealTree +-- random-bytes@1.0.0
157 silly idealTree +-- randomatic@1.1.7
157 silly idealTree | +-- is-number@3.0.0
157 silly idealTree | | `-- kind-of@3.2.2
157 silly idealTree | `-- kind-of@4.0.0
157 silly idealTree +-- range-parser@1.2.0
157 silly idealTree +-- raw-body@2.2.0
157 silly idealTree +-- rc@1.1.7
157 silly idealTree | `-- minimist@1.2.0
157 silly idealTree +-- read-all-stream@3.1.0
157 silly idealTree +-- readable-stream@2.3.3
157 silly idealTree +-- readdirp@2.1.0
157 silly idealTree +-- regex-cache@0.4.3
157 silly idealTree +-- registry-url@3.1.0
157 silly idealTree +-- remove-trailing-separator@1.0.2
157 silly idealTree +-- repeat-element@1.1.2
157 silly idealTree +-- repeat-string@1.6.1
157 silly idealTree +-- repeating@1.1.3
157 silly idealTree +-- request@2.81.0
157 silly idealTree +-- rimraf@2.5.4
157 silly idealTree +-- safe-buffer@5.1.1
157 silly idealTree +-- semver-diff@2.1.0
157 silly idealTree +-- semver@5.3.0
157 silly idealTree +-- send@0.15.4
157 silly idealTree | +-- debug@2.6.8
157 silly idealTree | `-- ms@2.0.0
157 silly idealTree +-- serve-static@1.12.4
157 silly idealTree +-- set-blocking@2.0.0
157 silly idealTree +-- set-immediate-shim@1.0.1
157 silly idealTree +-- setprototypeof@1.0.3
157 silly idealTree +-- signal-exit@3.0.2
157 silly idealTree +-- slide@1.1.6
157 silly idealTree +-- sntp@1.0.9
157 silly idealTree +-- split@0.3.3
157 silly idealTree +-- sqlstring@2.2.0
157 silly idealTree +-- sshpk@1.13.1
157 silly idealTree | `-- assert-plus@1.0.0
157 silly idealTree +-- statuses@1.3.1
157 silly idealTree +-- stream-combiner@0.0.4
157 silly idealTree +-- stream-shift@1.0.0
157 silly idealTree +-- string_decoder@1.0.3
157 silly idealTree +-- string-length@1.0.1
157 silly idealTree +-- string-width@1.0.2
157 silly idealTree +-- stringstream@0.0.5
157 silly idealTree +-- strip-ansi@3.0.1
157 silly idealTree +-- strip-json-comments@2.0.1
157 silly idealTree +-- supports-color@2.0.0
157 silly idealTree +-- tar-pack@3.3.0
157 silly idealTree | +-- once@1.3.3
157 silly idealTree | +-- readable-stream@2.1.5
157 silly idealTree | `-- string_decoder@0.10.31
157 silly idealTree +-- tar@2.2.1
157 silly idealTree +-- through@2.3.8
157 silly idealTree +-- timed-out@2.0.0
157 silly idealTree +-- touch@1.0.0
157 silly idealTree | `-- nopt@1.0.10
157 silly idealTree +-- tough-cookie@2.3.2
157 silly idealTree +-- tunnel-agent@0.6.0
157 silly idealTree +-- tweetnacl@0.14.5
157 silly idealTree +-- type-is@1.6.15
157 silly idealTree +-- uid-number@0.0.6
157 silly idealTree +-- uid-safe@2.1.5
157 silly idealTree +-- undefsafe@0.0.3
157 silly idealTree +-- unpipe@1.0.0
157 silly idealTree +-- update-notifier@0.5.0
157 silly idealTree +-- util-deprecate@1.0.2
157 silly idealTree +-- utils-merge@1.0.0
157 silly idealTree +-- uuid@3.1.0
157 silly idealTree +-- vary@1.1.1
157 silly idealTree +-- verror@1.10.0
157 silly idealTree | `-- assert-plus@1.0.0
157 silly idealTree +-- when@3.7.8
157 silly idealTree +-- wide-align@1.1.2
157 silly idealTree +-- wrappy@1.0.2
157 silly idealTree +-- write-file-atomic@1.3.4
157 silly idealTree `-- xdg-basedir@2.0.0
158 silly generateActionsToTake Starting
159 silly install generateActionsToTake
160 silly generateActionsToTake Finishing
161 silly diffTrees action count 3
162 silly diffTrees add nan@2.3.5
163 silly diffTrees add bcrypt@0.8.7
164 silly diffTrees add bcrypt-as-promised@1.1.0
165 silly decomposeActions action count 24
166 silly decomposeActions fetch nan@2.3.5
167 silly decomposeActions extract nan@2.3.5
168 silly decomposeActions test nan@2.3.5
169 silly decomposeActions preinstall nan@2.3.5
170 silly decomposeActions build nan@2.3.5
171 silly decomposeActions install nan@2.3.5
172 silly decomposeActions postinstall nan@2.3.5
173 silly decomposeActions finalize nan@2.3.5
174 silly decomposeActions fetch bcrypt@0.8.7
175 silly decomposeActions extract bcrypt@0.8.7
176 silly decomposeActions test bcrypt@0.8.7
177 silly decomposeActions preinstall bcrypt@0.8.7
178 silly decomposeActions build bcrypt@0.8.7
179 silly decomposeActions install bcrypt@0.8.7
180 silly decomposeActions postinstall bcrypt@0.8.7
181 silly decomposeActions finalize bcrypt@0.8.7
182 silly decomposeActions fetch bcrypt-as-promised@1.1.0
183 silly decomposeActions extract bcrypt-as-promised@1.1.0
184 silly decomposeActions test bcrypt-as-promised@1.1.0
185 silly decomposeActions preinstall bcrypt-as-promised@1.1.0
186 silly decomposeActions build bcrypt-as-promised@1.1.0
187 silly decomposeActions install bcrypt-as-promised@1.1.0
188 silly decomposeActions postinstall bcrypt-as-promised@1.1.0
189 silly decomposeActions finalize bcrypt-as-promised@1.1.0
190 silly runTopLevelLifecycles Starting
191 silly executeActions Starting
192 silly install executeActions
193 silly doSerial global-install 0
194 silly doParallel fetch 3
195 verbose correctMkdir C:\Users\hao\AppData\Roaming\npm-cache\_locks correctMkdir not in flight; initializing
196 verbose lock using C:\Users\hao\AppData\Roaming\npm-cache\_locks\staging-d8e021045e1e3a5d.lock for C:\Users\hao\Desktop\login-backend\node_modules\.staging
197 silly doParallel extract 3
198 silly extract nan@2.3.5
199 silly extract bcrypt@0.8.7
200 silly extract bcrypt-as-promised@1.1.0
201 verbose unbuild node_modules\.staging\nan-8ce1ee8e
202 verbose unbuild node_modules\.staging\bcrypt-b9c37e31
203 verbose unbuild node_modules\.staging\bcrypt-as-promised-5994d79e
204 silly gentlyRm C:\Users\hao\Desktop\login-backend\node_modules\.staging\nan-8ce1ee8e is being purged from base C:\Users\hao\Desktop\login-backend
205 verbose gentlyRm don't care about contents; nuking C:\Users\hao\Desktop\login-backend\node_modules\.staging\nan-8ce1ee8e
206 silly gentlyRm C:\Users\hao\Desktop\login-backend\node_modules\.staging\bcrypt-b9c37e31 is being purged from base C:\Users\hao\Desktop\login-backend
207 verbose gentlyRm don't care about contents; nuking C:\Users\hao\Desktop\login-backend\node_modules\.staging\bcrypt-b9c37e31
208 silly gentlyRm C:\Users\hao\Desktop\login-backend\node_modules\.staging\bcrypt-as-promised-5994d79e is being purged from base C:\Users\hao\Desktop\login-backend
209 verbose gentlyRm don't care about contents; nuking C:\Users\hao\Desktop\login-backend\node_modules\.staging\bcrypt-as-promised-5994d79e
210 verbose tar unpack C:\Users\hao\AppData\Roaming\npm-cache\nan\2.3.5\package.tgz
211 verbose tar unpacking to C:\Users\hao\Desktop\login-backend\node_modules\.staging\nan-8ce1ee8e
212 silly gentlyRm C:\Users\hao\Desktop\login-backend\node_modules\.staging\nan-8ce1ee8e is being purged
213 verbose gentlyRm don't care about contents; nuking C:\Users\hao\Desktop\login-backend\node_modules\.staging\nan-8ce1ee8e
214 verbose tar unpack C:\Users\hao\AppData\Roaming\npm-cache\bcrypt\0.8.7\package.tgz
215 verbose tar unpacking to C:\Users\hao\Desktop\login-backend\node_modules\.staging\bcrypt-b9c37e31
216 silly gentlyRm C:\Users\hao\Desktop\login-backend\node_modules\.staging\bcrypt-b9c37e31 is being purged
217 verbose gentlyRm don't care about contents; nuking C:\Users\hao\Desktop\login-backend\node_modules\.staging\bcrypt-b9c37e31
218 verbose tar unpack C:\Users\hao\AppData\Roaming\npm-cache\bcrypt-as-promised\1.1.0\package.tgz
219 verbose tar unpacking to C:\Users\hao\Desktop\login-backend\node_modules\.staging\bcrypt-as-promised-5994d79e
220 silly gentlyRm C:\Users\hao\Desktop\login-backend\node_modules\.staging\bcrypt-as-promised-5994d79e is being purged
221 verbose gentlyRm don't care about contents; nuking C:\Users\hao\Desktop\login-backend\node_modules\.staging\bcrypt-as-promised-5994d79e
222 silly gunzTarPerm modes [ '777', '666' ]
223 silly gunzTarPerm modes [ '777', '666' ]
224 silly gunzTarPerm modes [ '777', '666' ]
225 silly gunzTarPerm extractEntry package.json
226 silly gunzTarPerm modified mode [ 'package.json', 436, 438 ]
227 silly gunzTarPerm extractEntry package.json
228 silly gunzTarPerm modified mode [ 'package.json', 420, 438 ]
229 silly gunzTarPerm extractEntry package.json
230 silly gunzTarPerm modified mode [ 'package.json', 420, 438 ]
231 silly gunzTarPerm extractEntry README.md
232 silly gunzTarPerm modified mode [ 'README.md', 436, 438 ]
233 silly gunzTarPerm extractEntry .npmignore
234 silly gunzTarPerm modified mode [ '.npmignore', 420, 438 ]
235 silly gunzTarPerm extractEntry README.md
236 silly gunzTarPerm modified mode [ 'README.md', 420, 438 ]
237 silly gunzTarPerm extractEntry include_dirs.js
238 silly gunzTarPerm modified mode [ 'include_dirs.js', 436, 438 ]
239 silly gunzTarPerm extractEntry .npmignore
240 silly gunzTarPerm modified mode [ '.npmignore', 420, 438 ]
241 silly gunzTarPerm extractEntry LICENSE
242 silly gunzTarPerm modified mode [ 'LICENSE', 420, 438 ]
243 silly gunzTarPerm extractEntry nan_converters.h
244 silly gunzTarPerm modified mode [ 'nan_converters.h', 436, 438 ]
245 silly gunzTarPerm extractEntry LICENSE.md
246 silly gunzTarPerm modified mode [ 'LICENSE.md', 436, 438 ]
247 silly gunzTarPerm extractEntry doc/node_misc.md
248 silly gunzTarPerm modified mode [ 'doc/node_misc.md', 436, 438 ]
249 silly gunzTarPerm extractEntry LICENSE
250 silly gunzTarPerm modified mode [ 'LICENSE', 420, 438 ]
251 silly gunzTarPerm extractEntry bcrypt.js
252 silly gunzTarPerm modified mode [ 'bcrypt.js', 420, 438 ]
253 silly gunzTarPerm extractEntry Makefile
254 silly gunzTarPerm modified mode [ 'Makefile', 420, 438 ]
255 silly gunzTarPerm extractEntry .travis.yml
256 silly gunzTarPerm modified mode [ '.travis.yml', 420, 438 ]
257 silly gunzTarPerm extractEntry CHANGELOG.md
258 silly gunzTarPerm modified mode [ 'CHANGELOG.md', 420, 438 ]
259 silly gunzTarPerm extractEntry binding.gyp
260 silly gunzTarPerm modified mode [ 'binding.gyp', 420, 438 ]
261 silly gunzTarPerm extractEntry examples/async_compare.js
262 silly gunzTarPerm modified mode [ 'examples/async_compare.js', 420, 438 ]
263 silly gunzTarPerm extractEntry examples/forever_gen_salt.js
264 silly gunzTarPerm modified mode [ 'examples/forever_gen_salt.js', 420, 438 ]
265 silly gunzTarPerm extractEntry test/async.js
266 silly gunzTarPerm modified mode [ 'test/async.js', 420, 438 ]
267 silly gunzTarPerm extractEntry test/repetitions.js
268 silly gunzTarPerm modified mode [ 'test/repetitions.js', 420, 438 ]
269 silly gunzTarPerm extractEntry test/sync.js
270 silly gunzTarPerm modified mode [ 'test/sync.js', 420, 438 ]
271 silly gunzTarPerm extractEntry ISSUE_TEMPLATE.md
272 silly gunzTarPerm modified mode [ 'ISSUE_TEMPLATE.md', 420, 438 ]
273 silly gunzTarPerm extractEntry src/bcrypt.cc
274 silly gunzTarPerm modified mode [ 'src/bcrypt.cc', 420, 438 ]
275 silly gunzTarPerm extractEntry src/bcrypt_node.cc
276 silly gunzTarPerm modified mode [ 'src/bcrypt_node.cc', 420, 438 ]
277 silly gunzTarPerm extractEntry src/blowfish.cc
278 silly gunzTarPerm modified mode [ 'src/blowfish.cc', 420, 438 ]
279 silly gunzTarPerm extractEntry src/node_blf.h
280 silly gunzTarPerm modified mode [ 'src/node_blf.h', 420, 438 ]
281 silly gunzTarPerm extractEntry werker.yml
282 silly gunzTarPerm modified mode [ 'werker.yml', 420, 438 ]
283 silly gunzTarPerm extractEntry index.js
284 silly gunzTarPerm modified mode [ 'index.js', 420, 438 ]
285 silly gunzTarPerm extractEntry .travis.yml
286 silly gunzTarPerm modified mode [ '.travis.yml', 420, 438 ]
287 silly gunzTarPerm extractEntry doc/asyncworker.md
288 silly gunzTarPerm modified mode [ 'doc/asyncworker.md', 436, 438 ]
289 silly gunzTarPerm extractEntry Readme.md
290 silly gunzTarPerm modified mode [ 'Readme.md', 420, 438 ]
291 silly gunzTarPerm extractEntry test/index.js
292 silly gunzTarPerm modified mode [ 'test/index.js', 420, 438 ]
293 silly gunzTarPerm extractEntry doc/callback.md
294 silly gunzTarPerm modified mode [ 'doc/callback.md', 436, 438 ]
295 silly gunzTarPerm extractEntry doc/converters.md
296 silly gunzTarPerm modified mode [ 'doc/converters.md', 436, 438 ]
297 silly gunzTarPerm extractEntry doc/errors.md
298 silly gunzTarPerm modified mode [ 'doc/errors.md', 436, 438 ]
299 silly gunzTarPerm extractEntry doc/maybe_types.md
300 silly gunzTarPerm modified mode [ 'doc/maybe_types.md', 436, 438 ]
301 silly gunzTarPerm extractEntry doc/methods.md
302 silly gunzTarPerm modified mode [ 'doc/methods.md', 436, 438 ]
303 silly gunzTarPerm extractEntry doc/new.md
304 silly gunzTarPerm modified mode [ 'doc/new.md', 436, 438 ]
305 silly gunzTarPerm extractEntry doc/buffers.md
306 silly gunzTarPerm modified mode [ 'doc/buffers.md', 436, 438 ]
307 silly gunzTarPerm extractEntry doc/object_wrappers.md
308 silly gunzTarPerm modified mode [ 'doc/object_wrappers.md', 436, 438 ]
309 silly gunzTarPerm extractEntry doc/persistent.md
310 silly gunzTarPerm modified mode [ 'doc/persistent.md', 436, 438 ]
311 silly gunzTarPerm extractEntry doc/scopes.md
312 silly gunzTarPerm modified mode [ 'doc/scopes.md', 436, 438 ]
313 silly gunzTarPerm extractEntry doc/script.md
314 silly gunzTarPerm modified mode [ 'doc/script.md', 436, 438 ]
315 silly gunzTarPerm extractEntry doc/string_bytes.md
316 silly gunzTarPerm modified mode [ 'doc/string_bytes.md', 436, 438 ]
317 silly gunzTarPerm extractEntry doc/v8_internals.md
318 silly gunzTarPerm modified mode [ 'doc/v8_internals.md', 436, 438 ]
319 silly gunzTarPerm extractEntry doc/v8_misc.md
320 silly gunzTarPerm modified mode [ 'doc/v8_misc.md', 436, 438 ]
321 silly gunzTarPerm extractEntry nan.h
322 silly gunzTarPerm modified mode [ 'nan.h', 436, 438 ]
323 silly gunzTarPerm extractEntry nan_callbacks.h
324 silly gunzTarPerm modified mode [ 'nan_callbacks.h', 436, 438 ]
325 silly gunzTarPerm extractEntry nan_callbacks_12_inl.h
326 silly gunzTarPerm modified mode [ 'nan_callbacks_12_inl.h', 436, 438 ]
327 silly gunzTarPerm extractEntry nan_callbacks_pre_12_inl.h
328 silly gunzTarPerm modified mode [ 'nan_callbacks_pre_12_inl.h', 436, 438 ]
329 silly gunzTarPerm extractEntry nan_converters_43_inl.h
330 silly gunzTarPerm modified mode [ 'nan_converters_43_inl.h', 436, 438 ]
331 silly gunzTarPerm extractEntry nan_converters_pre_43_inl.h
332 silly gunzTarPerm modified mode [ 'nan_converters_pre_43_inl.h', 436, 438 ]
333 silly gunzTarPerm extractEntry nan_implementation_12_inl.h
334 silly gunzTarPerm modified mode [ 'nan_implementation_12_inl.h', 436, 438 ]
335 silly gunzTarPerm extractEntry nan_implementation_pre_12_inl.h
336 silly gunzTarPerm modified mode [ 'nan_implementation_pre_12_inl.h', 436, 438 ]
337 silly gunzTarPerm extractEntry nan_maybe_43_inl.h
338 silly gunzTarPerm modified mode [ 'nan_maybe_43_inl.h', 436, 438 ]
339 silly gunzTarPerm extractEntry nan_maybe_pre_43_inl.h
340 silly gunzTarPerm modified mode [ 'nan_maybe_pre_43_inl.h', 436, 438 ]
341 silly gunzTarPerm extractEntry nan_new.h
342 silly gunzTarPerm modified mode [ 'nan_new.h', 436, 438 ]
343 silly gunzTarPerm extractEntry nan_object_wrap.h
344 silly gunzTarPerm modified mode [ 'nan_object_wrap.h', 436, 438 ]
345 silly gunzTarPerm extractEntry nan_persistent_12_inl.h
346 silly gunzTarPerm modified mode [ 'nan_persistent_12_inl.h', 436, 438 ]
347 silly gunzTarPerm extractEntry nan_persistent_pre_12_inl.h
348 silly gunzTarPerm modified mode [ 'nan_persistent_pre_12_inl.h', 436, 438 ]
349 silly gunzTarPerm extractEntry nan_string_bytes.h
350 silly gunzTarPerm modified mode [ 'nan_string_bytes.h', 436, 438 ]
351 silly gunzTarPerm extractEntry nan_typedarray_contents.h
352 silly gunzTarPerm modified mode [ 'nan_typedarray_contents.h', 436, 438 ]
353 silly gunzTarPerm extractEntry nan_weak.h
354 silly gunzTarPerm modified mode [ 'nan_weak.h', 436, 438 ]
355 silly gunzTarPerm extractEntry CHANGELOG.md
356 silly gunzTarPerm modified mode [ 'CHANGELOG.md', 436, 438 ]
357 silly gunzTarPerm extractEntry tools/package.json
358 silly gunzTarPerm modified mode [ 'tools/package.json', 436, 438 ]
359 silly gunzTarPerm extractEntry tools/README.md
360 silly gunzTarPerm modified mode [ 'tools/README.md', 436, 438 ]
361 silly gunzTarPerm extractEntry tools/1to2.js
362 silly gunzTarPerm modified mode [ 'tools/1to2.js', 509, 511 ]
363 silly gentlyRm C:\Users\hao\Desktop\login-backend\node_modules\.staging\bcrypt-as-promised-5994d79e\node_modules is being purged
364 verbose gentlyRm don't care about contents; nuking C:\Users\hao\Desktop\login-backend\node_modules\.staging\bcrypt-as-promised-5994d79e\node_modules
365 silly gentlyRm C:\Users\hao\Desktop\login-backend\node_modules\.staging\bcrypt-b9c37e31\node_modules is being purged
366 verbose gentlyRm don't care about contents; nuking C:\Users\hao\Desktop\login-backend\node_modules\.staging\bcrypt-b9c37e31\node_modules
367 silly gentlyRm C:\Users\hao\Desktop\login-backend\node_modules\.staging\nan-8ce1ee8e\node_modules is being purged
368 verbose gentlyRm don't care about contents; nuking C:\Users\hao\Desktop\login-backend\node_modules\.staging\nan-8ce1ee8e\node_modules
369 silly doParallel preinstall 3
370 silly preinstall nan@2.3.5 C:\Users\hao\Desktop\login-backend\node_modules\.staging\nan-8ce1ee8e
371 info lifecycle nan@2.3.5~preinstall: nan@2.3.5
372 silly preinstall bcrypt@0.8.7 C:\Users\hao\Desktop\login-backend\node_modules\.staging\bcrypt-b9c37e31
373 info lifecycle bcrypt@0.8.7~preinstall: bcrypt@0.8.7
374 silly preinstall bcrypt-as-promised@1.1.0 C:\Users\hao\Desktop\login-backend\node_modules\.staging\bcrypt-as-promised-5994d79e
375 info lifecycle bcrypt-as-promised@1.1.0~preinstall: bcrypt-as-promised@1.1.0
376 silly lifecycle nan@2.3.5~preinstall: no script for preinstall, continuing
377 silly lifecycle bcrypt@0.8.7~preinstall: no script for preinstall, continuing
378 silly lifecycle bcrypt-as-promised@1.1.0~preinstall: no script for preinstall, continuing
379 silly doReverseSerial remove 0
380 silly doSerial move 0
381 silly doSerial finalize 3
382 silly finalize C:\Users\hao\Desktop\login-backend\node_modules\bcrypt-as-promised\node_modules\nan
383 silly finalize C:\Users\hao\Desktop\login-backend\node_modules\bcrypt-as-promised\node_modules\bcrypt
384 silly finalize C:\Users\hao\Desktop\login-backend\node_modules\bcrypt-as-promised
385 silly doSerial build 3
386 silly build nan@2.3.5
387 info linkStuff nan@2.3.5
388 silly linkStuff nan@2.3.5 has C:\Users\hao\Desktop\login-backend\node_modules\bcrypt-as-promised\node_modules as its parent node_modules
389 verbose linkBins nan@2.3.5
390 verbose linkMans nan@2.3.5
391 silly build bcrypt@0.8.7
392 info linkStuff bcrypt@0.8.7
393 silly linkStuff bcrypt@0.8.7 has C:\Users\hao\Desktop\login-backend\node_modules\bcrypt-as-promised\node_modules as its parent node_modules
394 verbose linkBins bcrypt@0.8.7
395 verbose linkMans bcrypt@0.8.7
396 silly build bcrypt-as-promised@1.1.0
397 info linkStuff bcrypt-as-promised@1.1.0
398 silly linkStuff bcrypt-as-promised@1.1.0 has C:\Users\hao\Desktop\login-backend\node_modules as its parent node_modules
399 verbose linkBins bcrypt-as-promised@1.1.0
400 verbose linkMans bcrypt-as-promised@1.1.0
401 silly doSerial global-link 0
402 silly doParallel update-linked 0
403 silly doSerial install 3
404 silly install nan@2.3.5 C:\Users\hao\Desktop\login-backend\node_modules\.staging\nan-8ce1ee8e
405 info lifecycle nan@2.3.5~install: nan@2.3.5
406 silly lifecycle nan@2.3.5~install: no script for install, continuing
407 silly install bcrypt@0.8.7 C:\Users\hao\Desktop\login-backend\node_modules\.staging\bcrypt-b9c37e31
408 info lifecycle bcrypt@0.8.7~install: bcrypt@0.8.7
409 verbose lifecycle bcrypt@0.8.7~install: unsafe-perm in lifecycle true
410 verbose lifecycle bcrypt@0.8.7~install: PATH: C:\Program Files\nodejs\node_modules\npm\bin\node-gyp-bin;C:\Users\hao\Desktop\login-backend\node_modules\bcrypt-as-promised\node_modules\bcrypt\node_modules\.bin;C:\Users\hao\Desktop\login-backend\node_modules\bcrypt-as-promised\node_modules\.bin;C:\Users\hao\Desktop\login-backend\node_modules\.bin;C:\Program Files (x86)\Razer Chroma SDK\bin;C:\Program Files\Razer Chroma SDK\bin;C:\Windows\system32;C:\Windows;C:\Windows\System32\Wbem;C:\Windows\System32\WindowsPowerShell\v1.0\;C:\Users\hao\AppData\Local\Microsoft\WindowsApps;C:\Program Files\Git\cmd;C:\Program Files (x86)\NVIDIA Corporation\PhysX\Common;C:\WINDOWS\system32;C:\WINDOWS;C:\WINDOWS\System32\Wbem;C:\WINDOWS\System32\WindowsPowerShell\v1.0\;C:\Program Files\nodejs\;C:\Users\hao\AppData\Local\Programs\Python\Python36-32\Scripts\;C:\Users\hao\AppData\Local\Programs\Python\Python36-32\;C:\Users\hao\AppData\Local\Microsoft\WindowsApps;C:\Users\hao\AppData\Local\atom\bin;C:\Users\hao\AppData\Local\Microsoft\WindowsApps;C:\Users\hao\AppData\Roaming\npm
411 verbose lifecycle bcrypt@0.8.7~install: CWD: C:\Users\hao\Desktop\login-backend\node_modules\bcrypt-as-promised\node_modules\bcrypt
412 silly lifecycle bcrypt@0.8.7~install: Args: [ '/d /s /c', 'node-gyp rebuild' ]
413 silly lifecycle bcrypt@0.8.7~install: Returned: code: 1  signal: null
414 info lifecycle bcrypt@0.8.7~install: Failed to exec install script
415 verbose unlock done using C:\Users\hao\AppData\Roaming\npm-cache\_locks\staging-d8e021045e1e3a5d.lock for C:\Users\hao\Desktop\login-backend\node_modules\.staging
416 silly rollbackFailedOptional Starting
417 silly rollbackFailedOptional Finishing
418 silly runTopLevelLifecycles Finishing
419 silly install printInstalled
420 warn optional SKIPPING OPTIONAL DEPENDENCY: fsevents@^1.0.0 (node_modules\chokidar\node_modules\fsevents):
421 warn notsup SKIPPING OPTIONAL DEPENDENCY: Unsupported platform for fsevents@1.1.2: wanted {"os":"darwin","arch":"any"} (current: {"os":"win32","arch":"x64"})
422 verbose notsup SKIPPING OPTIONAL DEPENDENCY: Valid OS:    darwin
422 verbose notsup SKIPPING OPTIONAL DEPENDENCY: Valid Arch:  any
422 verbose notsup SKIPPING OPTIONAL DEPENDENCY: Actual OS:   win32
422 verbose notsup SKIPPING OPTIONAL DEPENDENCY: Actual Arch: x64
423 warn hao-login-backend@1.0.0 No repository field.
424 verbose If you need help, you may report this error at:
424 verbose     <https://github.com/npm/npm/issues>
425 verbose stack Error: bcrypt@0.8.7 install: `node-gyp rebuild`
425 verbose stack Exit status 1
425 verbose stack     at EventEmitter.<anonymous> (C:\Program Files\nodejs\node_modules\npm\lib\utils\lifecycle.js:255:16)
425 verbose stack     at emitTwo (events.js:106:13)
425 verbose stack     at EventEmitter.emit (events.js:191:7)
425 verbose stack     at ChildProcess.<anonymous> (C:\Program Files\nodejs\node_modules\npm\lib\utils\spawn.js:40:14)
425 verbose stack     at emitTwo (events.js:106:13)
425 verbose stack     at ChildProcess.emit (events.js:191:7)
425 verbose stack     at maybeClose (internal/child_process.js:891:16)
425 verbose stack     at Process.ChildProcess._handle.onexit (internal/child_process.js:226:5)
426 verbose pkgid bcrypt@0.8.7
427 verbose cwd C:\Users\hao\Desktop\login-backend
428 error Windows_NT 10.0.15063
429 error argv "C:\\Program Files\\nodejs\\node.exe" "C:\\Program Files\\nodejs\\node_modules\\npm\\bin\\npm-cli.js" "install" "bcrypt-as-promised" "--save"
430 error node v6.11.2
431 error npm  v3.10.10
432 error code ELIFECYCLE
433 error bcrypt@0.8.7 install: `node-gyp rebuild`
433 error Exit status 1
434 error Failed at the bcrypt@0.8.7 install script 'node-gyp rebuild'.
434 error Make sure you have the latest version of node.js and npm installed.
434 error If you do, this is most likely a problem with the bcrypt package,
434 error not with npm itself.
434 error Tell the author that this fails on your system:
434 error     node-gyp rebuild
434 error You can get information on how to open an issue for this project with:
434 error     npm bugs bcrypt
434 error Or if that isn't available, you can get their info via:
434 error     npm owner ls bcrypt
434 error There is likely additional logging output above.
435 verbose exit [ 1, true ]
